<?xml version="1.0" encoding="utf-8"?><testsuites name="pytest tests"><testsuite name="pytest" errors="0" failures="8" skipped="0" tests="8" time="0.367" timestamp="2026-06-08T19:08:46.016627+08:00" hostname="DESKTOP-J7VE6R5"><testcase classname="testcase.VehicleAccess.test_Vehicle_access.TestVehicleAccess_005" name="test_CarIn[1-params0]" time="0.033"><failure message="AssertionError: 返回值 “{'timestamp': '2026-06-08T11:08:47.387+00:00', 'status': 404, 'error': 'Not Found', 'path': '/park-access-parking-rule-new/mock/access/enter'}” 中，没有预期结果 “{'openGate': 'true'}” 中的key值">self = &lt;testcase.VehicleAccess.test_Vehicle_access.TestVehicleAccess_005 object at 0x0000015B228E7890&gt;
params = {'baseInfo': {'api_name': '入场_随机车牌', 'header': {'Content-Type': 'application/json;charset=UTF-8'}, 'method': 'post', '...new/mock/access/enter'}, 'testCase': [{'json': {'carNumber': '川RRWLQQ', 'deviceCode': 1, 'time': '2026-05-27 14:33'}}]}

    @allure.title("01_车辆进场")
    @pytest.mark.order(1)
    @pytest.mark.parametrize('params', get_testcase_yaml('./testcase/VehicleAccess/carin_random.yaml'))
    def test_CarIn(self, params):
&gt;       RequestsBase().specification_yaml(params)

testcase\VehicleAccess\test_Vehicle_access.py:16: 
_ _ _ _ _ _ _ _ _ _ _ _ _ _ _ _ _ _ _ _ _ _ _ _ _ _ _ _ _ _ _ _ _ _ _ _ _ _ _ _ _ _ _ _ _ _ _ _ _ _ _ _ _ _ _ _ _ _ _ _ _ _ _ _ _ _ _ _ _ _ _ _ _ _ _ _ _ _ _ _ _ _ _ _ _ _ _ _ _ _ _ _ _ _ _ _ _ _ _ _ _ _ _ _ _ _ _ _ _ _ _ _ _ _
base\apiutil.py:116: in specification_yaml
    assert_res.assert_result(validation, res_json, res.status_code)
common\assertions.py:208: in assert_result
    handlers[key](value)
common\assertions.py:187: in &lt;lambda&gt;
    'eq': lambda v: self.equals_assert(v, response),
                    ^^^^^^^^^^^^^^^^^^^^^^^^^^^^^^^
_ _ _ _ _ _ _ _ _ _ _ _ _ _ _ _ _ _ _ _ _ _ _ _ _ _ _ _ _ _ _ _ _ _ _ _ _ _ _ _ _ _ _ _ _ _ _ _ _ _ _ _ _ _ _ _ _ _ _ _ _ _ _ _ _ _ _ _ _ _ _ _ _ _ _ _ _ _ _ _ _ _ _ _ _ _ _ _ _ _ _ _ _ _ _ _ _ _ _ _ _ _ _ _ _ _ _ _ _ _ _ _ _ _

self = &lt;common.assertions.Assertions object at 0x0000015B22A852B0&gt;, value = {'openGate': 'true'}
response = {'error': 'Not Found', 'path': '/park-access-parking-rule-new/mock/access/enter', 'status': 404, 'timestamp': '2026-06-08T11:08:47.387+00:00'}

    def equals_assert(self, value, response):
        """
        第二种模式，相等校验：校验 response 是否包含 value 中所有 key 且值完全相等（允许 response 有多余字段）
        :param value:预期结果，yaml文件当中validation关键字下的结果,必须为dict类型
        :param response:实际返回值,必须为dict类型
        :return:
        """
        value_dict = to_dict(value)
        response_dict = to_dict(response)
        #所有输入装换成字典类型，不能转换的抛出异常
        if value_dict is None:
            msg = f'用例参数无法转换为字典格式：“{value}”'
            logs.error(msg)
            raise AssertionError(msg)
        if response_dict is None:
            msg = f'返回值参数无法转换为字典格式：“{response}”'
            logs.error(msg)
            raise AssertionError(msg)
            # 检查 value 中的每个 key 是否都在 response 中
        res_list = [k for k in value_dict if k not in response_dict]
        if res_list:
            msg = f'返回值 “{response}” 中，没有预期结果 “{value}” 中的key值'
            logs.error(msg)
&gt;           raise AssertionError(msg)
E           AssertionError: 返回值 “{'timestamp': '2026-06-08T11:08:47.387+00:00', 'status': 404, 'error': 'Not Found', 'path': '/park-access-parking-rule-new/mock/access/enter'}” 中，没有预期结果 “{'openGate': 'true'}” 中的key值

common\assertions.py:96: AssertionError</failure></testcase><testcase classname="testcase.VehicleAccess.test_Vehicle_access.TestVehicleAccess_001" name="test_AddBycVehicle[1-params0]" time="0.004"><failure message="KeyError: 'carNumber'">self = &lt;testcase.VehicleAccess.test_Vehicle_access.TestVehicleAccess_001 object at 0x0000015B22AB1450&gt;
params = {'baseInfo': {'api_name': '包月车添加', 'header': {'Content-Type': 'application/json;charset=UTF-8'}, 'method': 'post', 'ur...'json': {'carNumber': '${get_extract_data_list(carNumber, -1)}', 'endTime': '2029-05-27', 'startTime': '2026-05-27'}}]}

    @allure.title('添加包月车')
    @pytest.mark.order(1)
    @pytest.mark.parametrize('params', get_testcase_yaml('./testcase/VehicleAccess/addBycVehicle.yaml'))
    def test_AddBycVehicle(self, params):
&gt;       RequestsBase().specification_yaml(params)

testcase\VehicleAccess\test_Vehicle_access.py:44: 
_ _ _ _ _ _ _ _ _ _ _ _ _ _ _ _ _ _ _ _ _ _ _ _ _ _ _ _ _ _ _ _ _ _ _ _ _ _ _ _ _ _ _ _ _ _ _ _ _ _ _ _ _ _ _ _ _ _ _ _ _ _ _ _ _ _ _ _ _ _ _ _ _ _ _ _ _ _ _ _ _ _ _ _ _ _ _ _ _ _ _ _ _ _ _ _ _ _ _ _ _ _ _ _ _ _ _ _ _ _ _ _ _ _
base\apiutil.py:92: in specification_yaml
    tc[key] = self.replace_load(value)
              ^^^^^^^^^^^^^^^^^^^^^^^^
base\apiutil.py:43: in replace_load
    extract_data = getattr(DebugTalk(), func_name)(*funcs_params.split(',') if funcs_params else [])
                   ^^^^^^^^^^^^^^^^^^^^^^^^^^^^^^^^^^^^^^^^^^^^^^^^^^^^^^^^^^^^^^^^^^^^^^^^^^^^^^^^^
common\debugtilk.py:43: in get_extract_data_list
    data = self.read.get_extract_yaml(node_name)
           ^^^^^^^^^^^^^^^^^^^^^^^^^^^^^^^^^^^^^
_ _ _ _ _ _ _ _ _ _ _ _ _ _ _ _ _ _ _ _ _ _ _ _ _ _ _ _ _ _ _ _ _ _ _ _ _ _ _ _ _ _ _ _ _ _ _ _ _ _ _ _ _ _ _ _ _ _ _ _ _ _ _ _ _ _ _ _ _ _ _ _ _ _ _ _ _ _ _ _ _ _ _ _ _ _ _ _ _ _ _ _ _ _ _ _ _ _ _ _ _ _ _ _ _ _ _ _ _ _ _ _ _ _

self = &lt;common.readyaml.ReadYamlData object at 0x0000015B22AD4F30&gt;, node_name = 'carNumber'

    def get_extract_yaml(self, node_name):
        """
        读取接口提取的变量值
        :param node_name:yaml文件key值
        :return:
        """
        file_path = FILE_PATH['extract']
        if not os.path.exists(file_path):
            print('extract.yaml文件不存在')
            with open(file_path, 'w', encoding ='utf-8'):
                print('extract.yaml文件已创建')
    
        with open(file_path, 'r', encoding ='utf-8') as rf_e:
            extract_yaml = _StrSafeLoader.load_yaml(rf_e)
&gt;           return extract_yaml[node_name]
                   ^^^^^^^^^^^^^^^^^^^^^^^
E           KeyError: 'carNumber'

common\readyaml.py:88: KeyError</failure></testcase><testcase classname="testcase.VehicleAccess.test_Vehicle_access.TestVehicleAccess_005" name="test_CarOut[1-params0]" time="0.015"><failure message="AssertionError: 返回值 “{'timestamp': '2026-06-08T11:08:47.481+00:00', 'status': 404, 'error': 'Not Found', 'path': '/mock/access/exit'}” 中，没有预期结果 “{'openGate': 'false'}” 中的key值">self = &lt;testcase.VehicleAccess.test_Vehicle_access.TestVehicleAccess_005 object at 0x0000015B22AB1590&gt;
params = {'baseInfo': {'api_name': '出场', 'header': {'Content-Type': 'application/json;charset=UTF-8'}, 'method': 'post', 'url': '/mock/access/exit'}, 'testCase': [{'json': {'carNumber': 'L', 'deviceCode': 2, 'time': '2026-05-29 14:33'}}]}

    @allure.title("02_车辆出场_失败")
    @pytest.mark.order(2)
    @pytest.mark.parametrize('params', get_testcase_yaml('./testcase/VehicleAccess/carout_false.yaml'))
    def test_CarOut(self, params):
&gt;       RequestsBase().specification_yaml(params)

testcase\VehicleAccess\test_Vehicle_access.py:22: 
_ _ _ _ _ _ _ _ _ _ _ _ _ _ _ _ _ _ _ _ _ _ _ _ _ _ _ _ _ _ _ _ _ _ _ _ _ _ _ _ _ _ _ _ _ _ _ _ _ _ _ _ _ _ _ _ _ _ _ _ _ _ _ _ _ _ _ _ _ _ _ _ _ _ _ _ _ _ _ _ _ _ _ _ _ _ _ _ _ _ _ _ _ _ _ _ _ _ _ _ _ _ _ _ _ _ _ _ _ _ _ _ _ _
base\apiutil.py:116: in specification_yaml
    assert_res.assert_result(validation, res_json, res.status_code)
common\assertions.py:208: in assert_result
    handlers[key](value)
common\assertions.py:187: in &lt;lambda&gt;
    'eq': lambda v: self.equals_assert(v, response),
                    ^^^^^^^^^^^^^^^^^^^^^^^^^^^^^^^
_ _ _ _ _ _ _ _ _ _ _ _ _ _ _ _ _ _ _ _ _ _ _ _ _ _ _ _ _ _ _ _ _ _ _ _ _ _ _ _ _ _ _ _ _ _ _ _ _ _ _ _ _ _ _ _ _ _ _ _ _ _ _ _ _ _ _ _ _ _ _ _ _ _ _ _ _ _ _ _ _ _ _ _ _ _ _ _ _ _ _ _ _ _ _ _ _ _ _ _ _ _ _ _ _ _ _ _ _ _ _ _ _ _

self = &lt;common.assertions.Assertions object at 0x0000015B22A852B0&gt;, value = {'openGate': 'false'}, response = {'error': 'Not Found', 'path': '/mock/access/exit', 'status': 404, 'timestamp': '2026-06-08T11:08:47.481+00:00'}

    def equals_assert(self, value, response):
        """
        第二种模式，相等校验：校验 response 是否包含 value 中所有 key 且值完全相等（允许 response 有多余字段）
        :param value:预期结果，yaml文件当中validation关键字下的结果,必须为dict类型
        :param response:实际返回值,必须为dict类型
        :return:
        """
        value_dict = to_dict(value)
        response_dict = to_dict(response)
        #所有输入装换成字典类型，不能转换的抛出异常
        if value_dict is None:
            msg = f'用例参数无法转换为字典格式：“{value}”'
            logs.error(msg)
            raise AssertionError(msg)
        if response_dict is None:
            msg = f'返回值参数无法转换为字典格式：“{response}”'
            logs.error(msg)
            raise AssertionError(msg)
            # 检查 value 中的每个 key 是否都在 response 中
        res_list = [k for k in value_dict if k not in response_dict]
        if res_list:
            msg = f'返回值 “{response}” 中，没有预期结果 “{value}” 中的key值'
            logs.error(msg)
&gt;           raise AssertionError(msg)
E           AssertionError: 返回值 “{'timestamp': '2026-06-08T11:08:47.481+00:00', 'status': 404, 'error': 'Not Found', 'path': '/mock/access/exit'}” 中，没有预期结果 “{'openGate': 'false'}” 中的key值

common\assertions.py:96: AssertionError</failure></testcase><testcase classname="testcase.VehicleAccess.test_Vehicle_access.TestVehicleAccess_001" name="test_CarIn[1-params0]" time="0.004"><failure message="KeyError: 'carNumber'">self = &lt;testcase.VehicleAccess.test_Vehicle_access.TestVehicleAccess_001 object at 0x0000015B22AB1310&gt;
params = {'baseInfo': {'api_name': '入场', 'header': {'Content-Type': 'application/json;charset=UTF-8'}, 'method': 'post', 'url':...ase': [{'json': {'carNumber': '${get_extract_data_list(carNumber, 0)}', 'deviceCode': 1, 'time': '2026-05-27 14:33'}}]}

    @allure.title('包月车辆进场')
    @pytest.mark.order(2)
    @pytest.mark.parametrize('params', get_testcase_yaml('./testcase/VehicleAccess/carin.yaml'))
    def test_CarIn(self, params):
&gt;       RequestsBase().specification_yaml(params)

testcase\VehicleAccess\test_Vehicle_access.py:50: 
_ _ _ _ _ _ _ _ _ _ _ _ _ _ _ _ _ _ _ _ _ _ _ _ _ _ _ _ _ _ _ _ _ _ _ _ _ _ _ _ _ _ _ _ _ _ _ _ _ _ _ _ _ _ _ _ _ _ _ _ _ _ _ _ _ _ _ _ _ _ _ _ _ _ _ _ _ _ _ _ _ _ _ _ _ _ _ _ _ _ _ _ _ _ _ _ _ _ _ _ _ _ _ _ _ _ _ _ _ _ _ _ _ _
base\apiutil.py:92: in specification_yaml
    tc[key] = self.replace_load(value)
              ^^^^^^^^^^^^^^^^^^^^^^^^
base\apiutil.py:43: in replace_load
    extract_data = getattr(DebugTalk(), func_name)(*funcs_params.split(',') if funcs_params else [])
                   ^^^^^^^^^^^^^^^^^^^^^^^^^^^^^^^^^^^^^^^^^^^^^^^^^^^^^^^^^^^^^^^^^^^^^^^^^^^^^^^^^
common\debugtilk.py:43: in get_extract_data_list
    data = self.read.get_extract_yaml(node_name)
           ^^^^^^^^^^^^^^^^^^^^^^^^^^^^^^^^^^^^^
_ _ _ _ _ _ _ _ _ _ _ _ _ _ _ _ _ _ _ _ _ _ _ _ _ _ _ _ _ _ _ _ _ _ _ _ _ _ _ _ _ _ _ _ _ _ _ _ _ _ _ _ _ _ _ _ _ _ _ _ _ _ _ _ _ _ _ _ _ _ _ _ _ _ _ _ _ _ _ _ _ _ _ _ _ _ _ _ _ _ _ _ _ _ _ _ _ _ _ _ _ _ _ _ _ _ _ _ _ _ _ _ _ _

self = &lt;common.readyaml.ReadYamlData object at 0x0000015B22B1C750&gt;, node_name = 'carNumber'

    def get_extract_yaml(self, node_name):
        """
        读取接口提取的变量值
        :param node_name:yaml文件key值
        :return:
        """
        file_path = FILE_PATH['extract']
        if not os.path.exists(file_path):
            print('extract.yaml文件不存在')
            with open(file_path, 'w', encoding ='utf-8'):
                print('extract.yaml文件已创建')
    
        with open(file_path, 'r', encoding ='utf-8') as rf_e:
            extract_yaml = _StrSafeLoader.load_yaml(rf_e)
&gt;           return extract_yaml[node_name]
                   ^^^^^^^^^^^^^^^^^^^^^^^
E           KeyError: 'carNumber'

common\readyaml.py:88: KeyError</failure></testcase><testcase classname="testcase.VehicleAccess.test_Vehicle_access.TestVehicleAccess_005" name="test_CarPay[1-params0]" time="0.016"><failure message="AssertionError: 返回值 “{'timestamp': '2026-06-08T11:08:47.535+00:00', 'status': 404, 'error': 'Not Found', 'path': '/mock/bill/latest'}” 中，没有预期结果 “{'paid': 'true'}” 中的key值">self = &lt;testcase.VehicleAccess.test_Vehicle_access.TestVehicleAccess_005 object at 0x0000015B22ADC3E0&gt;
params = {'baseInfo': {'api_name': '获取车牌最新账单', 'header': {'Content-Type': 'application/json;charset=UTF-8'}, 'method': 'post', 'url': '/mock/bill/latest'}, 'testCase': [{'json': {'carNumber': 'Q'}}]}

    @allure.title("03_获取应缴金额")
    @pytest.mark.order(3)
    @pytest.mark.parametrize('params', get_testcase_yaml('./testcase/VehicleAccess/carpay.yaml'))
    def test_CarPay(self, params):
&gt;       RequestsBase().specification_yaml(params)

testcase\VehicleAccess\test_Vehicle_access.py:28: 
_ _ _ _ _ _ _ _ _ _ _ _ _ _ _ _ _ _ _ _ _ _ _ _ _ _ _ _ _ _ _ _ _ _ _ _ _ _ _ _ _ _ _ _ _ _ _ _ _ _ _ _ _ _ _ _ _ _ _ _ _ _ _ _ _ _ _ _ _ _ _ _ _ _ _ _ _ _ _ _ _ _ _ _ _ _ _ _ _ _ _ _ _ _ _ _ _ _ _ _ _ _ _ _ _ _ _ _ _ _ _ _ _ _
base\apiutil.py:116: in specification_yaml
    assert_res.assert_result(validation, res_json, res.status_code)
common\assertions.py:208: in assert_result
    handlers[key](value)
common\assertions.py:187: in &lt;lambda&gt;
    'eq': lambda v: self.equals_assert(v, response),
                    ^^^^^^^^^^^^^^^^^^^^^^^^^^^^^^^
_ _ _ _ _ _ _ _ _ _ _ _ _ _ _ _ _ _ _ _ _ _ _ _ _ _ _ _ _ _ _ _ _ _ _ _ _ _ _ _ _ _ _ _ _ _ _ _ _ _ _ _ _ _ _ _ _ _ _ _ _ _ _ _ _ _ _ _ _ _ _ _ _ _ _ _ _ _ _ _ _ _ _ _ _ _ _ _ _ _ _ _ _ _ _ _ _ _ _ _ _ _ _ _ _ _ _ _ _ _ _ _ _ _

self = &lt;common.assertions.Assertions object at 0x0000015B22A852B0&gt;, value = {'paid': 'true'}, response = {'error': 'Not Found', 'path': '/mock/bill/latest', 'status': 404, 'timestamp': '2026-06-08T11:08:47.535+00:00'}

    def equals_assert(self, value, response):
        """
        第二种模式，相等校验：校验 response 是否包含 value 中所有 key 且值完全相等（允许 response 有多余字段）
        :param value:预期结果，yaml文件当中validation关键字下的结果,必须为dict类型
        :param response:实际返回值,必须为dict类型
        :return:
        """
        value_dict = to_dict(value)
        response_dict = to_dict(response)
        #所有输入装换成字典类型，不能转换的抛出异常
        if value_dict is None:
            msg = f'用例参数无法转换为字典格式：“{value}”'
            logs.error(msg)
            raise AssertionError(msg)
        if response_dict is None:
            msg = f'返回值参数无法转换为字典格式：“{response}”'
            logs.error(msg)
            raise AssertionError(msg)
            # 检查 value 中的每个 key 是否都在 response 中
        res_list = [k for k in value_dict if k not in response_dict]
        if res_list:
            msg = f'返回值 “{response}” 中，没有预期结果 “{value}” 中的key值'
            logs.error(msg)
&gt;           raise AssertionError(msg)
E           AssertionError: 返回值 “{'timestamp': '2026-06-08T11:08:47.535+00:00', 'status': 404, 'error': 'Not Found', 'path': '/mock/bill/latest'}” 中，没有预期结果 “{'paid': 'true'}” 中的key值

common\assertions.py:96: AssertionError</failure></testcase><testcase classname="testcase.VehicleAccess.test_Vehicle_access.TestVehicleAccess_001" name="test_CarOut[1-params0]" time="0.018"><failure message="AssertionError: 返回值 “{'timestamp': '2026-06-08T11:08:47.564+00:00', 'status': 404, 'error': 'Not Found', 'path': '/mock/access/exit'}” 中，没有预期结果 “{'openGate': 'true'}” 中的key值">self = &lt;testcase.VehicleAccess.test_Vehicle_access.TestVehicleAccess_001 object at 0x0000015B22ADCC30&gt;
params = {'baseInfo': {'api_name': '出场', 'header': {'Content-Type': 'application/json;charset=UTF-8'}, 'method': 'post', 'url': '/mock/access/exit'}, 'testCase': [{'json': {'carNumber': 'R', 'deviceCode': 2, 'time': '2026-05-29 14:33'}}]}

    @allure.title('车辆出场_成功')
    @pytest.mark.order(3)
    @pytest.mark.parametrize('params', get_testcase_yaml('./testcase/VehicleAccess/carout_ture.yaml'))
    def test_CarOut(self, params):
&gt;       RequestsBase().specification_yaml(params)

testcase\VehicleAccess\test_Vehicle_access.py:56: 
_ _ _ _ _ _ _ _ _ _ _ _ _ _ _ _ _ _ _ _ _ _ _ _ _ _ _ _ _ _ _ _ _ _ _ _ _ _ _ _ _ _ _ _ _ _ _ _ _ _ _ _ _ _ _ _ _ _ _ _ _ _ _ _ _ _ _ _ _ _ _ _ _ _ _ _ _ _ _ _ _ _ _ _ _ _ _ _ _ _ _ _ _ _ _ _ _ _ _ _ _ _ _ _ _ _ _ _ _ _ _ _ _ _
base\apiutil.py:116: in specification_yaml
    assert_res.assert_result(validation, res_json, res.status_code)
common\assertions.py:208: in assert_result
    handlers[key](value)
common\assertions.py:187: in &lt;lambda&gt;
    'eq': lambda v: self.equals_assert(v, response),
                    ^^^^^^^^^^^^^^^^^^^^^^^^^^^^^^^
_ _ _ _ _ _ _ _ _ _ _ _ _ _ _ _ _ _ _ _ _ _ _ _ _ _ _ _ _ _ _ _ _ _ _ _ _ _ _ _ _ _ _ _ _ _ _ _ _ _ _ _ _ _ _ _ _ _ _ _ _ _ _ _ _ _ _ _ _ _ _ _ _ _ _ _ _ _ _ _ _ _ _ _ _ _ _ _ _ _ _ _ _ _ _ _ _ _ _ _ _ _ _ _ _ _ _ _ _ _ _ _ _ _

self = &lt;common.assertions.Assertions object at 0x0000015B22A852B0&gt;, value = {'openGate': 'true'}, response = {'error': 'Not Found', 'path': '/mock/access/exit', 'status': 404, 'timestamp': '2026-06-08T11:08:47.564+00:00'}

    def equals_assert(self, value, response):
        """
        第二种模式，相等校验：校验 response 是否包含 value 中所有 key 且值完全相等（允许 response 有多余字段）
        :param value:预期结果，yaml文件当中validation关键字下的结果,必须为dict类型
        :param response:实际返回值,必须为dict类型
        :return:
        """
        value_dict = to_dict(value)
        response_dict = to_dict(response)
        #所有输入装换成字典类型，不能转换的抛出异常
        if value_dict is None:
            msg = f'用例参数无法转换为字典格式：“{value}”'
            logs.error(msg)
            raise AssertionError(msg)
        if response_dict is None:
            msg = f'返回值参数无法转换为字典格式：“{response}”'
            logs.error(msg)
            raise AssertionError(msg)
            # 检查 value 中的每个 key 是否都在 response 中
        res_list = [k for k in value_dict if k not in response_dict]
        if res_list:
            msg = f'返回值 “{response}” 中，没有预期结果 “{value}” 中的key值'
            logs.error(msg)
&gt;           raise AssertionError(msg)
E           AssertionError: 返回值 “{'timestamp': '2026-06-08T11:08:47.564+00:00', 'status': 404, 'error': 'Not Found', 'path': '/mock/access/exit'}” 中，没有预期结果 “{'openGate': 'true'}” 中的key值

common\assertions.py:96: AssertionError</failure></testcase><testcase classname="testcase.VehicleAccess.test_Vehicle_access.TestVehicleAccess_005" name="test_CarExit[1-params0]" time="0.031"><failure message="AssertionError: 返回值 “{'timestamp': '2026-06-08T11:08:47.603+00:00', 'status': 404, 'error': 'Not Found', 'path': '/mock/bill/latest'}” 中，没有预期结果 “{'paid': 'true'}” 中的key值">self = &lt;testcase.VehicleAccess.test_Vehicle_access.TestVehicleAccess_005 object at 0x0000015B22ADC770&gt;
params = {'baseInfo': {'api_name': 'pass', 'header': {'Content-Type': 'application/json;charset=UTF-8'}, 'method': 'post', 'url': '/mock/bill/latest'}, 'testCase': [{'json': {'carNumber': '川'}}]}

    @allure.title("04_在场车辆查询")
    @pytest.mark.order(4)
    @pytest.mark.parametrize('params', get_testcase_yaml('./testcase/VehicleAccess/carquery.yaml'))
    def test_CarExit(self, params):
&gt;       RequestsBase().specification_yaml(params)

testcase\VehicleAccess\test_Vehicle_access.py:34: 
_ _ _ _ _ _ _ _ _ _ _ _ _ _ _ _ _ _ _ _ _ _ _ _ _ _ _ _ _ _ _ _ _ _ _ _ _ _ _ _ _ _ _ _ _ _ _ _ _ _ _ _ _ _ _ _ _ _ _ _ _ _ _ _ _ _ _ _ _ _ _ _ _ _ _ _ _ _ _ _ _ _ _ _ _ _ _ _ _ _ _ _ _ _ _ _ _ _ _ _ _ _ _ _ _ _ _ _ _ _ _ _ _ _
base\apiutil.py:116: in specification_yaml
    assert_res.assert_result(validation, res_json, res.status_code)
common\assertions.py:208: in assert_result
    handlers[key](value)
common\assertions.py:187: in &lt;lambda&gt;
    'eq': lambda v: self.equals_assert(v, response),
                    ^^^^^^^^^^^^^^^^^^^^^^^^^^^^^^^
_ _ _ _ _ _ _ _ _ _ _ _ _ _ _ _ _ _ _ _ _ _ _ _ _ _ _ _ _ _ _ _ _ _ _ _ _ _ _ _ _ _ _ _ _ _ _ _ _ _ _ _ _ _ _ _ _ _ _ _ _ _ _ _ _ _ _ _ _ _ _ _ _ _ _ _ _ _ _ _ _ _ _ _ _ _ _ _ _ _ _ _ _ _ _ _ _ _ _ _ _ _ _ _ _ _ _ _ _ _ _ _ _ _

self = &lt;common.assertions.Assertions object at 0x0000015B22A852B0&gt;, value = {'paid': 'true'}, response = {'error': 'Not Found', 'path': '/mock/bill/latest', 'status': 404, 'timestamp': '2026-06-08T11:08:47.603+00:00'}

    def equals_assert(self, value, response):
        """
        第二种模式，相等校验：校验 response 是否包含 value 中所有 key 且值完全相等（允许 response 有多余字段）
        :param value:预期结果，yaml文件当中validation关键字下的结果,必须为dict类型
        :param response:实际返回值,必须为dict类型
        :return:
        """
        value_dict = to_dict(value)
        response_dict = to_dict(response)
        #所有输入装换成字典类型，不能转换的抛出异常
        if value_dict is None:
            msg = f'用例参数无法转换为字典格式：“{value}”'
            logs.error(msg)
            raise AssertionError(msg)
        if response_dict is None:
            msg = f'返回值参数无法转换为字典格式：“{response}”'
            logs.error(msg)
            raise AssertionError(msg)
            # 检查 value 中的每个 key 是否都在 response 中
        res_list = [k for k in value_dict if k not in response_dict]
        if res_list:
            msg = f'返回值 “{response}” 中，没有预期结果 “{value}” 中的key值'
            logs.error(msg)
&gt;           raise AssertionError(msg)
E           AssertionError: 返回值 “{'timestamp': '2026-06-08T11:08:47.603+00:00', 'status': 404, 'error': 'Not Found', 'path': '/mock/bill/latest'}” 中，没有预期结果 “{'paid': 'true'}” 中的key值

common\assertions.py:96: AssertionError</failure></testcase><testcase classname="testcase.VehicleAccess.test_Vehicle_access.TestVehicleAccess_001" name="test_DeleteBycVehicle[1-params0]" time="0.007"><failure message="KeyError: 'carCodes'">self = &lt;testcase.VehicleAccess.test_Vehicle_access.TestVehicleAccess_001 object at 0x0000015B22ADC510&gt;
params = {'baseInfo': {'api_name': '包月车删除', 'header': {'Content-Type': 'application/json;charset=UTF-8'}, 'method': 'post', 'ur...-parking-rule-new/mock/monthlyCar/delete'}, 'testCase': [{'json': {'codes': '${get_extract_data_list(carCodes, 0)}'}}]}

    @allure.title('删除包月车')
    @pytest.mark.order(4)
    @pytest.mark.parametrize('params', get_testcase_yaml('./testcase/VehicleAccess/deleteBycVehicle.yaml'))
    def test_DeleteBycVehicle(self, params):
&gt;       RequestsBase().specification_yaml(params)

testcase\VehicleAccess\test_Vehicle_access.py:62: 
_ _ _ _ _ _ _ _ _ _ _ _ _ _ _ _ _ _ _ _ _ _ _ _ _ _ _ _ _ _ _ _ _ _ _ _ _ _ _ _ _ _ _ _ _ _ _ _ _ _ _ _ _ _ _ _ _ _ _ _ _ _ _ _ _ _ _ _ _ _ _ _ _ _ _ _ _ _ _ _ _ _ _ _ _ _ _ _ _ _ _ _ _ _ _ _ _ _ _ _ _ _ _ _ _ _ _ _ _ _ _ _ _ _
base\apiutil.py:92: in specification_yaml
    tc[key] = self.replace_load(value)
              ^^^^^^^^^^^^^^^^^^^^^^^^
base\apiutil.py:43: in replace_load
    extract_data = getattr(DebugTalk(), func_name)(*funcs_params.split(',') if funcs_params else [])
                   ^^^^^^^^^^^^^^^^^^^^^^^^^^^^^^^^^^^^^^^^^^^^^^^^^^^^^^^^^^^^^^^^^^^^^^^^^^^^^^^^^
common\debugtilk.py:43: in get_extract_data_list
    data = self.read.get_extract_yaml(node_name)
           ^^^^^^^^^^^^^^^^^^^^^^^^^^^^^^^^^^^^^
_ _ _ _ _ _ _ _ _ _ _ _ _ _ _ _ _ _ _ _ _ _ _ _ _ _ _ _ _ _ _ _ _ _ _ _ _ _ _ _ _ _ _ _ _ _ _ _ _ _ _ _ _ _ _ _ _ _ _ _ _ _ _ _ _ _ _ _ _ _ _ _ _ _ _ _ _ _ _ _ _ _ _ _ _ _ _ _ _ _ _ _ _ _ _ _ _ _ _ _ _ _ _ _ _ _ _ _ _ _ _ _ _ _

self = &lt;common.readyaml.ReadYamlData object at 0x0000015B22B0CDE0&gt;, node_name = 'carCodes'

    def get_extract_yaml(self, node_name):
        """
        读取接口提取的变量值
        :param node_name:yaml文件key值
        :return:
        """
        file_path = FILE_PATH['extract']
        if not os.path.exists(file_path):
            print('extract.yaml文件不存在')
            with open(file_path, 'w', encoding ='utf-8'):
                print('extract.yaml文件已创建')
    
        with open(file_path, 'r', encoding ='utf-8') as rf_e:
            extract_yaml = _StrSafeLoader.load_yaml(rf_e)
&gt;           return extract_yaml[node_name]
                   ^^^^^^^^^^^^^^^^^^^^^^^
E           KeyError: 'carCodes'

common\readyaml.py:88: KeyError</failure></testcase></testsuite></testsuites>